<?xml version="1.0" encoding="UTF-8"?>
<!-- Generated by org.testng.reporters.JUnitReportReporter -->
<testsuite skipped="0" hostname="Dhiraj-Laptop" name="com.clx.qa.testcases.LoginPageTest" tests="3" failures="0" timestamp="04 Jan 2019 08:25:24 GMT" time="77.794" errors="0">
  <testcase name="loginPageTitleTest" time="25.385" classname="com.clx.qa.testcases.LoginPageTest"/>
  <testcase name="clxLogoTest" time="24.623" classname="com.clx.qa.testcases.LoginPageTest"/>
  <testcase name="loginTest" time="27.786" classname="com.clx.qa.testcases.LoginPageTest"/>
</testsuite> <!-- com.clx.qa.testcases.LoginPageTest -->
