<?xml version="1.0" encoding="UTF-8"?>
<!-- Generated by org.testng.reporters.JUnitReportReporter -->
<testsuite skipped="0" hostname="Dhiraj-PC" name="com.clx.qa.testcases.LauncherTest" tests="8" failures="0" timestamp="23 Dec 2018 14:13:00 GMT" time="488.248" errors="0">
  <testcase name="verifyLauncherTitleTest" time="36.200" classname="com.clx.qa.testcases.LauncherTest"/>
  <testcase name="verifyUserNameTest" time="43.913" classname="com.clx.qa.testcases.LauncherTest"/>
  <testcase name="verifyMatterManagerLinkTest" time="62.460" classname="com.clx.qa.testcases.LauncherTest"/>
  <testcase name="verifyIntakeManagerLinkTest" time="72.108" classname="com.clx.qa.testcases.LauncherTest"/>
  <testcase name="verifyDigitalArchivalLinkTest" time="63.519" classname="com.clx.qa.testcases.LauncherTest"/>
  <testcase name="verifyReferralEngineTest" time="65.521" classname="com.clx.qa.testcases.LauncherTest"/>
  <testcase name="verifyContactManagerTest" time="77.482" classname="com.clx.qa.testcases.LauncherTest"/>
  <testcase name="verifyMarketplaceTest" time="67.045" classname="com.clx.qa.testcases.LauncherTest"/>
</testsuite> <!-- com.clx.qa.testcases.LauncherTest -->
