<?xml version="1.0" encoding="UTF-8"?>
<!-- Generated by org.testng.reporters.JUnitReportReporter -->
<testsuite skipped="0" hostname="Dhiraj-PC" name="com.clx.qa.testcases.ReferralEngineTest" tests="1" failures="0" timestamp="23 Dec 2018 15:40:09 GMT" time="50.245" errors="0">
  <testcase name="verifyReferralEngineTest" time="50.245" classname="com.clx.qa.testcases.ReferralEngineTest"/>
</testsuite> <!-- com.clx.qa.testcases.ReferralEngineTest -->
