<?xml version="1.0" encoding="UTF-8"?>
<!-- Generated by org.testng.reporters.JUnitReportReporter -->
<testsuite skipped="0" hostname="Dhiraj-PC" name="com.clx.qa.testdata.LoginPageTest" tests="3" failures="0" timestamp="22 Dec 2018 19:21:28 GMT" time="119.789" errors="0">
  <testcase name="loginPageTitleTest" time="35.240" classname="com.clx.qa.testdata.LoginPageTest"/>
  <testcase name="clxLogoTest" time="48.314" classname="com.clx.qa.testdata.LoginPageTest"/>
  <testcase name="loginTest" time="36.235" classname="com.clx.qa.testdata.LoginPageTest"/>
</testsuite> <!-- com.clx.qa.testdata.LoginPageTest -->
