<?xml version="1.0" encoding="UTF-8"?>
<!-- Generated by org.testng.reporters.JUnitReportReporter -->
<testsuite skipped="0" hostname="Dhiraj-Laptop" name="com.clx.qa.testcases.LoginPageTest" tests="3" failures="0" timestamp="04 Jan 2019 13:22:14 GMT" time="73.607" errors="0">
  <testcase name="loginPageTitleTest" time="26.934" classname="com.clx.qa.testcases.LoginPageTest"/>
  <testcase name="clxLogoTest" time="23.238" classname="com.clx.qa.testcases.LoginPageTest"/>
  <testcase name="loginTest" time="23.435" classname="com.clx.qa.testcases.LoginPageTest"/>
</testsuite> <!-- com.clx.qa.testcases.LoginPageTest -->
