<?xml version="1.0" encoding="UTF-8"?>
<!-- Generated by org.testng.reporters.JUnitReportReporter -->
<testsuite skipped="0" hostname="Dhiraj-Laptop" name="com.clx.qa.testcases.ContactManagerTest" tests="2" failures="0" timestamp="27 Dec 2018 16:43:52 GMT" time="194.197" errors="0">
  <testcase name="verifyContactManagerLogoTest" time="92.560" classname="com.clx.qa.testcases.ContactManagerTest"/>
  <testcase name="validateAddNewContactTest" time="101.637" classname="com.clx.qa.testcases.ContactManagerTest"/>
</testsuite> <!-- com.clx.qa.testcases.ContactManagerTest -->
