<?xml version="1.0" encoding="UTF-8"?>
<!-- Generated by org.testng.reporters.JUnitReportReporter -->
<testsuite skipped="0" hostname="Dhiraj-PC" name="com.clx.qa.testcases.LauncherTest" tests="1" failures="0" timestamp="23 Dec 2018 07:55:13 GMT" time="36.501" errors="0">
  <testcase name="verifyLauncherTitleTest" time="36.501" classname="com.clx.qa.testcases.LauncherTest"/>
</testsuite> <!-- com.clx.qa.testcases.LauncherTest -->
