<?xml version="1.0" encoding="UTF-8"?>
<!-- Generated by org.testng.reporters.JUnitReportReporter -->
<testsuite skipped="0" hostname="Dhiraj-PC" name="com.clx.qa.testcases.LoginPageTest" tests="3" failures="0" timestamp="23 Dec 2018 07:19:21 GMT" time="79.702" errors="0">
  <testcase name="loginPageTitleTest" time="24.223" classname="com.clx.qa.testcases.LoginPageTest"/>
  <testcase name="clxLogoTest" time="29.675" classname="com.clx.qa.testcases.LoginPageTest"/>
  <testcase name="loginTest" time="25.804" classname="com.clx.qa.testcases.LoginPageTest"/>
</testsuite> <!-- com.clx.qa.testcases.LoginPageTest -->
