<?xml version="1.0" encoding="UTF-8"?>
<!-- Generated by org.testng.reporters.JUnitReportReporter -->
<testsuite skipped="0" hostname="DESKTOP-NO3KBFT" name="com.clx.qa.testcases.ReferralEngineTest" tests="1" failures="0" timestamp="23 Dec 2018 21:37:38 GMT" time="40.347" errors="0">
  <testcase name="verifyReferralEngineTest" time="40.347" classname="com.clx.qa.testcases.ReferralEngineTest"/>
</testsuite> <!-- com.clx.qa.testcases.ReferralEngineTest -->
