<?xml version="1.0" encoding="UTF-8"?>
<!-- Generated by org.testng.reporters.JUnitReportReporter -->
<testsuite skipped="0" hostname="Dhiraj-PC" name="com.clx.qa.testcases.MatterManagerTest" tests="1" failures="0" timestamp="23 Dec 2018 15:06:50 GMT" time="56.619" errors="0">
  <testcase name="verifyMatterManagerTest" time="56.619" classname="com.clx.qa.testcases.MatterManagerTest"/>
</testsuite> <!-- com.clx.qa.testcases.MatterManagerTest -->
