<?xml version="1.0" encoding="UTF-8"?>
<!-- Generated by org.testng.reporters.JUnitReportReporter -->
<testsuite skipped="0" hostname="DESKTOP-NO3KBFT" name="com.clx.qa.testcases.LauncherTest" tests="3" failures="0" timestamp="25 Dec 2018 18:56:27 GMT" time="179.074" errors="0">
  <testcase name="verifyLauchPadSearchTest" time="56.978" classname="com.clx.qa.testcases.LauncherTest"/>
  <testcase name="verifyUniversalCalendarTest" time="56.217" classname="com.clx.qa.testcases.LauncherTest"/>
  <testcase name="verifyLauchPadNotesTest" time="65.879" classname="com.clx.qa.testcases.LauncherTest"/>
</testsuite> <!-- com.clx.qa.testcases.LauncherTest -->
