<?xml version="1.0" encoding="UTF-8"?>
<!-- Generated by org.testng.reporters.JUnitReportReporter -->
<testsuite skipped="0" hostname="Dhiraj-PC" name="com.clx.qa.testcases.IntakeManagerTest" tests="1" failures="0" timestamp="23 Dec 2018 15:27:55 GMT" time="58.636" errors="0">
  <testcase name="verifyIntakeManagerTest" time="58.636" classname="com.clx.qa.testcases.IntakeManagerTest"/>
</testsuite> <!-- com.clx.qa.testcases.IntakeManagerTest -->
