<?xml version="1.0" encoding="UTF-8"?>
<!-- Generated by org.testng.reporters.JUnitReportReporter -->
<testsuite skipped="0" hostname="Dhiraj-Laptop" name="com.clx.qa.testcases.ContactManagerTest" tests="3" failures="0" timestamp="04 Jan 2019 07:11:51 GMT" time="254.135" errors="0">
  <testcase name="verifyContactManagerLogoTest" time="79.025" classname="com.clx.qa.testcases.ContactManagerTest"/>
  <testcase name="validateAddNewContactTest" time="86.275" classname="com.clx.qa.testcases.ContactManagerTest"/>
  <testcase name="validateAddNewContactTest" time="88.835" classname="com.clx.qa.testcases.ContactManagerTest"/>
</testsuite> <!-- com.clx.qa.testcases.ContactManagerTest -->
